<?xml version="1.0" encoding="UTF-8"?>
<!-- Generated by org.testng.reporters.JUnitReportReporter -->
<testsuite hostname="jasasane-ubuntu20" failures="0" tests="3" name="day34.MyFirstTest" time="0.012" errors="0" timestamp="2023-12-04T19:25:03 PST" skipped="0">
  <testcase classname="day34.MyFirstTest" name="zest1" time="0.008"/>
  <system-out/>
  <testcase classname="day34.MyFirstTest" name="txest3" time="0.003"/>
  <system-out/>
  <testcase classname="day34.MyFirstTest" name="test2" time="0.001"/>
  <system-out/>
</testsuite> <!-- day34.MyFirstTest -->
