<?xml version="1.0" encoding="UTF-8"?>
<!-- Generated by org.testng.reporters.JUnitReportReporter -->
<testsuite hostname="jasasane-ubuntu20" failures="0" tests="3" name="day34.SecondTest" time="10.214" errors="0" timestamp="2023-12-04T19:15:02 PST" skipped="0">
  <testcase classname="day34.SecondTest" name="openApp" time="7.787"/>
  <system-out/>
  <testcase classname="day34.SecondTest" name="login" time="0.730"/>
  <system-out/>
  <testcase classname="day34.SecondTest" name="close" time="1.697"/>
  <system-out/>
</testsuite> <!-- day34.SecondTest -->
