<?xml version="1.0" encoding="UTF-8"?>
<!-- Generated by org.testng.reporters.JUnitReportReporter -->
<testsuite hostname="jasasane-ubuntu20" failures="0" tests="4" name="day37.ParamTest" time="6.170" errors="0" timestamp="2023-12-06T11:30:09 PST" skipped="0">
  <testcase classname="day37.ParamTest" name="testLogo" time="3.073"/>
  <system-out/>
  <testcase classname="day37.ParamTest" name="testLogo" time="3.076"/>
  <system-out/>
  <testcase classname="day37.ParamTest" name="testHomePageTitle" time="0.014"/>
  <system-out/>
  <testcase classname="day37.ParamTest" name="testHomePageTitle" time="0.007"/>
  <system-out/>
</testsuite> <!-- day37.ParamTest -->
