<?xml version="1.0" encoding="UTF-8"?>
<!-- Generated by org.testng.reporters.JUnitReportReporter -->
<testsuite hostname="jasasane-ubuntu20" failures="0" tests="2" name="day40.LoginTest" time="5.150" errors="0" timestamp="2023-12-14T10:19:00 PST" skipped="0">
  <testcase classname="day40.LoginTest" name="testLogo" time="3.223"/>
  <system-out/>
  <testcase classname="day40.LoginTest" name="testLogin" time="1.927"/>
  <system-out/>
</testsuite> <!-- day40.LoginTest -->
