<?xml version="1.0" encoding="UTF-8"?>
<!-- Generated by org.testng.reporters.JUnitReportReporter -->
<testsuite hostname="jasasane-ubuntu20" failures="0" tests="2" name="day35.AnnotationBeforeClass" time="0.006" errors="0" timestamp="2023-12-05T11:44:26 PST" skipped="0">
  <testcase classname="day35.AnnotationBeforeClass" name="search" time="0.002"/>
  <system-out/>
  <testcase classname="day35.AnnotationBeforeClass" name="advancedSearch" time="0.004"/>
  <system-out/>
</testsuite> <!-- day35.AnnotationBeforeClass -->
