<?xml version="1.0" encoding="UTF-8"?>
<!-- Generated by org.testng.reporters.JUnitReportReporter -->
<testsuite hostname="jasasane-ubuntu20" failures="0" tests="2" name="day35.Annotations" time="0.011" errors="0" timestamp="2023-12-05T11:42:22 PST" skipped="0">
  <testcase classname="day35.Annotations" name="advancedSearch" time="0.007"/>
  <system-out/>
  <testcase classname="day35.Annotations" name="search" time="0.004"/>
  <system-out/>
</testsuite> <!-- day35.Annotations -->
