<?xml version="1.0" encoding="UTF-8"?>
<!-- Generated by org.testng.reporters.JUnitReportReporter -->
<testsuite hostname="jasasane-ubuntu20" failures="0" tests="3" name="day36.Groupings" time="0.010" errors="0" timestamp="2023-12-05T16:51:27 PST" skipped="0">
  <testcase classname="day36.Groupings" name="signupByFacebook" time="0.007"/>
  <system-out/>
  <testcase classname="day36.Groupings" name="signupByTwitter" time="0.001"/>
  <system-out/>
  <testcase classname="day36.Groupings" name="paymentReturnByBank" time="0.002"/>
  <system-out/>
</testsuite> <!-- day36.Groupings -->
