<?xml version="1.0" encoding="UTF-8"?>
<!-- Generated by org.testng.reporters.JUnitReportReporter -->
<testsuite hostname="jasasane-ubuntu20" failures="0" tests="10" name="day37.InvocationCount" time="0.016" errors="0" timestamp="2023-12-06T10:15:19 PST" skipped="0">
  <testcase classname="day37.InvocationCount" name="test" time="0.001"/>
  <system-out/>
  <testcase classname="day37.InvocationCount" name="test" time="0.001"/>
  <system-out/>
  <testcase classname="day37.InvocationCount" name="test" time="0.001"/>
  <system-out/>
  <testcase classname="day37.InvocationCount" name="test" time="0.001"/>
  <system-out/>
  <testcase classname="day37.InvocationCount" name="test" time="0.002"/>
  <system-out/>
  <testcase classname="day37.InvocationCount" name="test" time="0.001"/>
  <system-out/>
  <testcase classname="day37.InvocationCount" name="test" time="0.001"/>
  <system-out/>
  <testcase classname="day37.InvocationCount" name="test" time="0.001"/>
  <system-out/>
  <testcase classname="day37.InvocationCount" name="test" time="0.001"/>
  <system-out/>
  <testcase classname="day37.InvocationCount" name="test" time="0.006"/>
  <system-out/>
</testsuite> <!-- day37.InvocationCount -->
