<?xml version="1.0" encoding="UTF-8"?>
<!-- Generated by org.testng.reporters.JUnitReportReporter -->
<testsuite hostname="jasasane-ubuntu20" failures="0" tests="2" name="day35.Class1" time="0.002" errors="0" timestamp="2023-12-05T12:09:19 PST" skipped="0">
  <testcase classname="day35.Class1" name="def" time="0.001"/>
  <system-out/>
  <testcase classname="day35.Class1" name="def" time="0.001"/>
  <system-out/>
</testsuite> <!-- day35.Class1 -->
